[2025-11-17 17:04:14] [INFO] === INICIANDO PIPELINE COMPLETO ===
[2025-11-17 17:04:14] [INFO] Configurando entorno del proyecto...
[2025-11-17 17:04:14] [INFO] Entorno configurado correctamente
[2025-11-17 17:04:14] [INFO] Cargando y preprocesando datos...
[2025-11-17 17:04:14] [INFO] Reporte de calidad de datos: {'total_images': 28272, 'class_distribution': {'suspicious': 8092, 'non_suspicious': 20180}, 'image_formats': {'.jpg': 28272}, 'potential_issues': ['Desbalance significativo entre clases']}
[2025-11-17 17:15:13] [INFO] Datos de entrenamiento: (3930, 128, 128, 3)
[2025-11-17 17:15:13] [INFO] Datos de validación: (1310, 128, 128, 3)
[2025-11-17 17:15:13] [INFO] Datos de prueba: (1310, 128, 128, 3)
[2025-11-17 17:15:13] [INFO] Distribución entrenamiento: [2979  951]
[2025-11-17 17:15:13] [INFO] Distribución prueba: [993 317]
[2025-11-17 17:15:28] [INFO] Extrayendo características...
[2025-11-17 17:15:28] [INFO] Extrayendo características híbridas...
[2025-11-17 17:20:24] [INFO] Características de entrenamiento: (3930, 8210)
[2025-11-17 17:20:24] [INFO] Iniciando entrenamiento de modelos...
[2025-11-17 17:20:24] [INFO] Entrenando modelo CNN...
[2025-11-17 18:17:27] [INFO] Entrenando modelos clásicos...
[2025-11-17 18:25:52] [INFO] Modelos entrenados: ['cnn', 'random_forest', 'svm', 'logistic_regression']
[2025-11-17 18:25:52] [INFO] Evaluando modelos...
[2025-11-17 18:31:13] [INFO] Realizando análisis de sesgos...
[2025-11-17 18:31:13] [INFO] Reporte de sesgos - cnn: {'Grupo_A': {'n_samples': 658, 'accuracy': 0.7750759878419453, 'precision': 0.8571428571428571, 'recall': 0.0392156862745098, 'f1_score': 0.075, 'false_positive_rate': 0.0019801980198019802, 'false_negative_rate': 0.9607843137254902, 'equalized_odds_diff': 0.9588041157056882}, 'Grupo_B': {'n_samples': 652, 'accuracy': 0.7530674846625767, 'precision': 0.6363636363636364, 'recall': 0.042682926829268296, 'f1_score': 0.08, 'false_positive_rate': 0.00819672131147541, 'false_negative_rate': 0.9573170731707317, 'equalized_odds_diff': 0.9491203518592563}}
[2025-11-17 18:31:17] [INFO] Reporte de sesgos - random_forest: {'Grupo_A': {'n_samples': 658, 'accuracy': 0.7978723404255319, 'precision': 0.6785714285714286, 'recall': 0.24836601307189543, 'f1_score': 0.36363636363636365, 'false_positive_rate': 0.03564356435643564, 'false_negative_rate': 0.7516339869281046, 'equalized_odds_diff': 0.7159904225716689}, 'Grupo_B': {'n_samples': 652, 'accuracy': 0.7745398773006135, 'precision': 0.6231884057971014, 'recall': 0.2621951219512195, 'f1_score': 0.36909871244635195, 'false_positive_rate': 0.05327868852459016, 'false_negative_rate': 0.7378048780487805, 'equalized_odds_diff': 0.6845261895241903}}
[2025-11-17 18:31:20] [INFO] Reporte de sesgos - svm: {'Grupo_A': {'n_samples': 658, 'accuracy': 0.770516717325228, 'precision': 0.5058823529411764, 'recall': 0.5620915032679739, 'f1_score': 0.5325077399380805, 'false_positive_rate': 0.16633663366336635, 'false_negative_rate': 0.43790849673202614, 'equalized_odds_diff': 0.27157186306865977}, 'Grupo_B': {'n_samples': 652, 'accuracy': 0.7668711656441718, 'precision': 0.53125, 'recall': 0.6219512195121951, 'f1_score': 0.5730337078651685, 'false_positive_rate': 0.18442622950819673, 'false_negative_rate': 0.3780487804878049, 'equalized_odds_diff': 0.19362255097960815}}
[2025-11-17 18:31:24] [INFO] Reporte de sesgos - logistic_regression: {'Grupo_A': {'n_samples': 658, 'accuracy': 0.7264437689969605, 'precision': 0.41916167664670656, 'recall': 0.45751633986928103, 'f1_score': 0.4375, 'false_positive_rate': 0.19207920792079208, 'false_negative_rate': 0.5424836601307189, 'equalized_odds_diff': 0.35040445220992683}, 'Grupo_B': {'n_samples': 652, 'accuracy': 0.7269938650306749, 'precision': 0.46236559139784944, 'recall': 0.524390243902439, 'f1_score': 0.4914285714285714, 'false_positive_rate': 0.20491803278688525, 'false_negative_rate': 0.47560975609756095, 'equalized_odds_diff': 0.2706917233106757}}
[2025-11-17 18:31:29] [INFO] Guardando resultados...
[2025-11-17 18:31:30] [INFO] Resultados guardados correctamente
[2025-11-17 18:31:30] [INFO] === PIPELINE COMPLETADO EXITOSAMENTE ===
